{"name": "test_user_login_params_004[DataForLogin2]", "status": "failed", "statusDetails": {"message": "AssertionError: assert False", "trace": "self = <testCases.test_UserLogin_params.Test_Login_Params object at 0x000001EA52D7B610>\nsetup = <selenium.webdriver.firefox.webdriver.WebDriver (session=\"565fa7b1-2be0-4db1-8ed8-edf0de34fe40\")>\nDataForLogin = ('admin@yourstore.com', 'admin1', 'Pass')\n\n    @allure.severity(allure.severity_level.NORMAL)\n    @pytest.mark.sanity\n    def test_user_login_params_004(self, setup, DataForLogin):\n        self.log.info(\"Test_case test_user_login_params_004 is started\")\n        self.driver = setup\n        self.log.info(\"Opening browser and navigating to demo_nop_com\")\n        self.lp = LoginClass(self.driver)\n        self.log.info(\"Entering email - \" + DataForLogin[0])\n        self.lp.Enter_Email(DataForLogin[0])\n        self.log.info(\"Entering Password - \" + DataForLogin[1])\n        self.lp.Enter_Password(DataForLogin[1])\n        self.log.info(\"Click on login button\")\n        self.lp.Click_Login()\n        TestCase_Status_List = []\n        if self.lp.Verify_Login_Stauts() == \"Login Pass\":  # actual Result # login hogaya\n            self.log.info(\"Login Pass\")\n            if DataForLogin[2] == \"Pass\":  # expected result\n                self.log.info(\"Expected Pass\")\n                TestCase_Status_List.append(\"Pass\")  # updating the Status List\n                self.log.info(\"Taking screenshot\")\n                allure.attach(self.driver.get_screenshot_as_png(), name=\"test_user_login_002-Pass\",\n                              attachment_type=AttachmentType.PNG)\n                self.driver.save_screenshot(\"..\\\\Screenshots\\\\test_user_login_params_004_pass.png\")\n                self.log.info(\"Click on Logout button\")\n                self.lp.Click_Logout()\n            elif DataForLogin[2] == \"Fail\":\n                self.log.info(\"Expected Fail\")\n                TestCase_Status_List.append(\"Fail\")\n                self.log.info(\"Taking screenshot\")\n                allure.attach(self.driver.get_screenshot_as_png(), name=\"test_user_login_002-Pass\",\n                              attachment_type=AttachmentType.PNG)\n                self.driver.save_screenshot(\"..\\\\Screenshots\\\\test_user_login_params_004_pass.png\")\n                self.log.info(\"Click on Logout button\")\n                self.lp.Click_Logout()\n        elif self.lp.Verify_Login_Stauts() == \"Login Fail\":  # login nhi hua\n            self.log.info(\"Login Fail\")\n            if DataForLogin[2] == \"Fail\":\n                self.log.info(\"Expected Fail\")\n                TestCase_Status_List.append(\"Pass\")\n            elif DataForLogin[2] == \"Pass\":\n                self.log.info(\"Expected Pass\")\n                TestCase_Status_List.append(\"Fail\")\n                self.log.info(\"Taking screenshot\")\n                allure.attach(self.driver.get_screenshot_as_png(), name=\"test_user_login_params_004-Fail\",\n                              attachment_type=AttachmentType.PNG)\n                self.driver.save_screenshot(\"..\\\\Screenshots\\\\test_user_login_params_004_fail.png\")\n        print(TestCase_Status_List)\n        if \"Pass\" in TestCase_Status_List:\n            self.log.info(\"Test_case test_user_login_params_004 is Passed\")\n            assert True\n        else:\n            self.log.info(\"Test_case test_user_login_params_004 is Failed\")\n>           assert False\nE           assert False\n\ntestCases\\test_UserLogin_params.py:68: AssertionError"}, "attachments": [{"name": "test_user_login_params_004-Fail", "source": "589b4a2e-d1c2-4ed1-b3fd-5e8d50fefd1d-attachment.png", "type": "image/png"}, {"name": "log", "source": "6088087c-2de3-4dec-9faa-9d0211c522c1-attachment.txt", "type": "text/plain"}, {"name": "stdout", "source": "ef020781-7fef-4477-99bd-9b1fa5e4f323-attachment.txt", "type": "text/plain"}], "parameters": [{"name": "DataForLogin", "value": "('admin@yourstore.com', 'admin1', 'Pass')"}], "start": 1707185678611, "stop": 1707185689763, "uuid": "94977e50-dd1d-40d2-b307-e1490b86cba2", "historyId": "547196d416ffc8eeb659eb2ff629d21f", "testCaseId": "2527aa505b00e962069b58db3198740d", "fullName": "testCases.test_UserLogin_params.Test_Login_Params#test_user_login_params_004", "labels": [{"name": "severity", "value": "normal"}, {"name": "tag", "value": "sanity"}, {"name": "parentSuite", "value": "testCases"}, {"name": "suite", "value": "test_UserLogin_params"}, {"name": "subSuite", "value": "Test_Login_Params"}, {"name": "host", "value": "Tushar-Pc"}, {"name": "thread", "value": "36752-MainThread"}, {"name": "framework", "value": "pytest"}, {"name": "language", "value": "cpython3"}, {"name": "package", "value": "testCases.test_UserLogin_params"}]}